<?xml version="1.0" encoding="UTF-8" ?>
<testsuite tests="3" failures="0" name="com.mycompany.junit.JUNITTest" time="0.001" errors="0" skipped="0">
  <properties>
[...]
</properties>
  <testcase classname="com.mycompany.junit.JUNITTest" name="com.mycompany.junit.JUNITTest.testPriceCalc_3_item_dibawah_500_diskon3x" time="0.001"/>
  <testcase classname="com.mycompany.junit.JUNITTest" name="com.mycompany.junit.JUNITTest.testPriceCalc_3_item_diatas_500_tidakdiskon" time="0"/>
  <testcase classname="com.mycompany.junit.JUNITTest" name="com.mycompany.junit.JUNITTest.testPriceCalc_2_item_dibawah_500_tidakdiskon_1_item" time="0"/>
</testsuite>